...found 9 targets...
...updating 4 targets...
gcc.compile.c++ libs/config/checks/architecture/bin/gcc-7/debug/32.o
libs/config/checks/architecture/32.cpp:9:36: error: size of array ‘test’ is negative
 int test[sizeof(void*) == 4? 1 : -1];
                                    ^

    "g++"   -fPIC -O0 -fno-inline -Wall -g      -c -o "libs/config/checks/architecture/bin/gcc-7/debug/32.o" "libs/config/checks/architecture/32.cpp"

...failed gcc.compile.c++ libs/config/checks/architecture/bin/gcc-7/debug/32.o...
...failed updating 1 target...
...updated 3 targets...
...found 2 targets...
...updating 1 target...
gcc.compile.c++ libs/config/checks/architecture/bin/gcc-7/debug/64.o
...updated 1 target...
...found 2 targets...
...updating 1 target...
gcc.compile.c++ libs/config/checks/architecture/bin/gcc-7/debug/arm.o
libs/config/checks/architecture/arm.cpp:13:2: error: #error "Not ARM"
 #error "Not ARM"
  ^~~~~

    "g++"   -fPIC -O0 -fno-inline -Wall -g      -c -o "libs/config/checks/architecture/bin/gcc-7/debug/arm.o" "libs/config/checks/architecture/arm.cpp"

...failed gcc.compile.c++ libs/config/checks/architecture/bin/gcc-7/debug/arm.o...
...failed updating 1 target...
...found 2 targets...
...updating 1 target...
gcc.compile.c++ libs/config/checks/architecture/bin/gcc-7/debug/mips1.o
libs/config/checks/architecture/mips1.cpp:10:2: error: #error "Not MIPS1"
 #error "Not MIPS1"
  ^~~~~

    "g++"   -fPIC -O0 -fno-inline -Wall -g      -c -o "libs/config/checks/architecture/bin/gcc-7/debug/mips1.o" "libs/config/checks/architecture/mips1.cpp"

...failed gcc.compile.c++ libs/config/checks/architecture/bin/gcc-7/debug/mips1.o...
...failed updating 1 target...
...found 2 targets...
...updating 1 target...
gcc.compile.c++ libs/config/checks/architecture/bin/gcc-7/debug/power.o
libs/config/checks/architecture/power.cpp:13:2: error: #error "Not PPC"
 #error "Not PPC"
  ^~~~~

    "g++"   -fPIC -O0 -fno-inline -Wall -g      -c -o "libs/config/checks/architecture/bin/gcc-7/debug/power.o" "libs/config/checks/architecture/power.cpp"

...failed gcc.compile.c++ libs/config/checks/architecture/bin/gcc-7/debug/power.o...
...failed updating 1 target...
...found 2 targets...
...updating 1 target...
gcc.compile.c++ libs/config/checks/architecture/bin/gcc-7/debug/riscv.o
libs/config/checks/architecture/riscv.cpp:9:2: error: #error "Not RISC-V"
 #error "Not RISC-V"
  ^~~~~

    "g++"   -fPIC -O0 -fno-inline -Wall -g      -c -o "libs/config/checks/architecture/bin/gcc-7/debug/riscv.o" "libs/config/checks/architecture/riscv.cpp"

...failed gcc.compile.c++ libs/config/checks/architecture/bin/gcc-7/debug/riscv.o...
...failed updating 1 target...
...found 2 targets...
...updating 1 target...
gcc.compile.c++ libs/config/checks/architecture/bin/gcc-7/debug/s390x.o
libs/config/checks/architecture/s390x.cpp:10:2: error: #error "Not S390x"
 #error "Not S390x"
  ^~~~~

    "g++"   -fPIC -O0 -fno-inline -Wall -g      -c -o "libs/config/checks/architecture/bin/gcc-7/debug/s390x.o" "libs/config/checks/architecture/s390x.cpp"

...failed gcc.compile.c++ libs/config/checks/architecture/bin/gcc-7/debug/s390x.o...
...failed updating 1 target...
...found 2 targets...
...updating 1 target...
gcc.compile.c++ libs/config/checks/architecture/bin/gcc-7/debug/sparc.o
libs/config/checks/architecture/sparc.cpp:10:2: error: #error "Not SPARC"
 #error "Not SPARC"
  ^~~~~

    "g++"   -fPIC -O0 -fno-inline -Wall -g      -c -o "libs/config/checks/architecture/bin/gcc-7/debug/sparc.o" "libs/config/checks/architecture/sparc.cpp"

...failed gcc.compile.c++ libs/config/checks/architecture/bin/gcc-7/debug/sparc.o...
...failed updating 1 target...
...found 2 targets...
...updating 1 target...
gcc.compile.c++ libs/config/checks/architecture/bin/gcc-7/debug/x86.o
...updated 1 target...
...found 11 targets...
...updating 9 targets...
gcc.compile.c++ bin.v2/libs/atomic/config/gcc-7/debug/threading-multi/visibility-hidden/has_sse2.o
...updated 9 targets...
...found 3 targets...
...updating 1 target...
gcc.compile.c++ bin.v2/libs/atomic/config/gcc-7/debug/threading-multi/visibility-hidden/has_sse41.o
...updated 1 target...
...found 107 targets...
...updating 7 targets...
gcc.compile.c++ bin.v2/libs/context/build/gcc-7/debug/threading-multi/visibility-hidden/cxx11_hdr_mutex_check.o
...updated 7 targets...
...patience...
...found 192 targets...
...updating 8 targets...
gcc.compile.c++ bin.v2/libs/thread/build/gcc-7/debug/threading-multi/visibility-hidden/has_atomic_flag_lockfree_test.o
gcc.link bin.v2/libs/thread/build/gcc-7/debug/threading-multi/visibility-hidden/has_atomic_flag_lockfree
...updated 8 targets...
...found 142 targets...
...updating 7 targets...
gcc.compile.c++ bin.v2/libs/filesystem/config/gcc-7/debug/threading-multi/visibility-hidden/has_stat_st_mtim.o
libs/filesystem/config/has_stat_st_mtim.cpp: In function ‘int main()’:
libs/filesystem/config/has_stat_st_mtim.cpp:16:17: warning: variable ‘st’ set but not used [-Wunused-but-set-variable]
     struct stat st;
                 ^~
...updated 7 targets...
...found 2 targets...
...updating 1 target...
gcc.compile.c++ bin.v2/libs/filesystem/config/gcc-7/debug/threading-multi/visibility-hidden/has_stat_st_mtimensec.o
libs/filesystem/config/has_stat_st_mtimensec.cpp: In function ‘int main()’:
libs/filesystem/config/has_stat_st_mtimensec.cpp:17:8: error: ‘struct stat’ has no member named ‘st_mtimensec’; did you mean ‘st_mtim’?
     st.st_mtimensec = 10;
        ^~~~~~~~~~~~
        st_mtim

    "g++"   -fvisibility-inlines-hidden -fPIC -m64 -pthread -O0 -fno-inline -Wall -g -fvisibility=hidden  -DBOOST_ALL_NO_LIB=1  -I"." -I"libs/filesystem/src"  -c -o "bin.v2/libs/filesystem/config/gcc-7/debug/threading-multi/visibility-hidden/has_stat_st_mtimensec.o" "libs/filesystem/config/has_stat_st_mtimensec.cpp"

...failed gcc.compile.c++ bin.v2/libs/filesystem/config/gcc-7/debug/threading-multi/visibility-hidden/has_stat_st_mtimensec.o...
...failed updating 1 target...
...found 2 targets...
...updating 1 target...
gcc.compile.c++ bin.v2/libs/filesystem/config/gcc-7/debug/threading-multi/visibility-hidden/has_stat_st_mtimespec.o
libs/filesystem/config/has_stat_st_mtimespec.cpp: In function ‘int main()’:
libs/filesystem/config/has_stat_st_mtimespec.cpp:17:8: error: ‘struct stat’ has no member named ‘st_mtimespec’; did you mean ‘st_mtim’?
     st.st_mtimespec.tv_nsec = 10;
        ^~~~~~~~~~~~
        st_mtim

    "g++"   -fvisibility-inlines-hidden -fPIC -m64 -pthread -O0 -fno-inline -Wall -g -fvisibility=hidden  -DBOOST_ALL_NO_LIB=1  -I"." -I"libs/filesystem/src"  -c -o "bin.v2/libs/filesystem/config/gcc-7/debug/threading-multi/visibility-hidden/has_stat_st_mtimespec.o" "libs/filesystem/config/has_stat_st_mtimespec.cpp"

...failed gcc.compile.c++ bin.v2/libs/filesystem/config/gcc-7/debug/threading-multi/visibility-hidden/has_stat_st_mtimespec.o...
...failed updating 1 target...
...found 2 targets...
...updating 1 target...
gcc.compile.c++ bin.v2/libs/filesystem/config/gcc-7/debug/threading-multi/visibility-hidden/has_stat_st_birthtim.o
libs/filesystem/config/has_stat_st_birthtim.cpp: In function ‘int main()’:
libs/filesystem/config/has_stat_st_birthtim.cpp:17:8: error: ‘struct stat’ has no member named ‘st_birthtim’; did you mean ‘st_atim’?
     st.st_birthtim.tv_sec = 1;
        ^~~~~~~~~~~
        st_atim
libs/filesystem/config/has_stat_st_birthtim.cpp:18:8: error: ‘struct stat’ has no member named ‘st_birthtim’; did you mean ‘st_atim’?
     st.st_birthtim.tv_nsec = 10;
        ^~~~~~~~~~~
        st_atim

    "g++"   -fvisibility-inlines-hidden -fPIC -m64 -pthread -O0 -fno-inline -Wall -g -fvisibility=hidden  -DBOOST_ALL_NO_LIB=1  -I"." -I"libs/filesystem/src"  -c -o "bin.v2/libs/filesystem/config/gcc-7/debug/threading-multi/visibility-hidden/has_stat_st_birthtim.o" "libs/filesystem/config/has_stat_st_birthtim.cpp"

...failed gcc.compile.c++ bin.v2/libs/filesystem/config/gcc-7/debug/threading-multi/visibility-hidden/has_stat_st_birthtim.o...
...failed updating 1 target...
...found 2 targets...
...updating 1 target...
gcc.compile.c++ bin.v2/libs/filesystem/config/gcc-7/debug/threading-multi/visibility-hidden/has_stat_st_birthtimensec.o
libs/filesystem/config/has_stat_st_birthtimensec.cpp: In function ‘int main()’:
libs/filesystem/config/has_stat_st_birthtimensec.cpp:17:8: error: ‘struct stat’ has no member named ‘st_birthtime’; did you mean ‘st_blksize’?
     st.st_birthtime = 1;
        ^~~~~~~~~~~~
        st_blksize
libs/filesystem/config/has_stat_st_birthtimensec.cpp:18:8: error: ‘struct stat’ has no member named ‘st_birthtimensec’
     st.st_birthtimensec = 10;
        ^~~~~~~~~~~~~~~~

    "g++"   -fvisibility-inlines-hidden -fPIC -m64 -pthread -O0 -fno-inline -Wall -g -fvisibility=hidden  -DBOOST_ALL_NO_LIB=1  -I"." -I"libs/filesystem/src"  -c -o "bin.v2/libs/filesystem/config/gcc-7/debug/threading-multi/visibility-hidden/has_stat_st_birthtimensec.o" "libs/filesystem/config/has_stat_st_birthtimensec.cpp"

...failed gcc.compile.c++ bin.v2/libs/filesystem/config/gcc-7/debug/threading-multi/visibility-hidden/has_stat_st_birthtimensec.o...
...failed updating 1 target...
...found 2 targets...
...updating 1 target...
gcc.compile.c++ bin.v2/libs/filesystem/config/gcc-7/debug/threading-multi/visibility-hidden/has_stat_st_birthtimespec.o
libs/filesystem/config/has_stat_st_birthtimespec.cpp: In function ‘int main()’:
libs/filesystem/config/has_stat_st_birthtimespec.cpp:17:8: error: ‘struct stat’ has no member named ‘st_birthtimespec’
     st.st_birthtimespec.tv_sec = 1;
        ^~~~~~~~~~~~~~~~
libs/filesystem/config/has_stat_st_birthtimespec.cpp:18:8: error: ‘struct stat’ has no member named ‘st_birthtimespec’
     st.st_birthtimespec.tv_nsec = 10;
        ^~~~~~~~~~~~~~~~

    "g++"   -fvisibility-inlines-hidden -fPIC -m64 -pthread -O0 -fno-inline -Wall -g -fvisibility=hidden  -DBOOST_ALL_NO_LIB=1  -I"." -I"libs/filesystem/src"  -c -o "bin.v2/libs/filesystem/config/gcc-7/debug/threading-multi/visibility-hidden/has_stat_st_birthtimespec.o" "libs/filesystem/config/has_stat_st_birthtimespec.cpp"

...failed gcc.compile.c++ bin.v2/libs/filesystem/config/gcc-7/debug/threading-multi/visibility-hidden/has_stat_st_birthtimespec.o...
...failed updating 1 target...
...found 3 targets...
...updating 1 target...
gcc.compile.c++ bin.v2/libs/filesystem/config/gcc-7/debug/threading-multi/visibility-hidden/has_statx.o
libs/filesystem/config/has_statx.cpp: In function ‘int main()’:
libs/filesystem/config/has_statx.cpp:17:18: error: aggregate ‘main()::statx st’ has incomplete type and cannot be defined
     struct statx st;
                  ^~
libs/filesystem/config/has_statx.cpp:18:75: error: ‘STATX_BTIME’ was not declared in this scope
     int res = statx(AT_FDCWD, ".", AT_SYMLINK_NOFOLLOW | AT_NO_AUTOMOUNT, STATX_BTIME, &st);
                                                                           ^~~~~~~~~~~
libs/filesystem/config/has_statx.cpp:18:91: error: invalid use of incomplete type ‘struct main()::statx’
     int res = statx(AT_FDCWD, ".", AT_SYMLINK_NOFOLLOW | AT_NO_AUTOMOUNT, STATX_BTIME, &st);
                                                                                           ^
libs/filesystem/config/has_statx.cpp:17:12: note: forward declaration of ‘struct main()::statx’
     struct statx st;
            ^~~~~
libs/filesystem/config/has_statx.cpp:18:9: warning: unused variable ‘res’ [-Wunused-variable]
     int res = statx(AT_FDCWD, ".", AT_SYMLINK_NOFOLLOW | AT_NO_AUTOMOUNT, STATX_BTIME, &st);
         ^~~

    "g++"   -fvisibility-inlines-hidden -fPIC -m64 -pthread -O0 -fno-inline -Wall -g -fvisibility=hidden  -DBOOST_ALL_NO_LIB=1  -I"." -I"libs/filesystem/src"  -c -o "bin.v2/libs/filesystem/config/gcc-7/debug/threading-multi/visibility-hidden/has_statx.o" "libs/filesystem/config/has_statx.cpp"

...failed gcc.compile.c++ bin.v2/libs/filesystem/config/gcc-7/debug/threading-multi/visibility-hidden/has_statx.o...
...failed updating 1 target...
...found 4 targets...
...updating 1 target...
gcc.compile.c++ bin.v2/libs/filesystem/config/gcc-7/debug/threading-multi/visibility-hidden/has_statx_syscall.o
libs/filesystem/config/has_statx_syscall.cpp: In function ‘int main()’:
libs/filesystem/config/has_statx_syscall.cpp:27:9: warning: unused variable ‘res’ [-Wunused-variable]
     int res = syscall(__NR_statx, AT_FDCWD, ".", AT_SYMLINK_NOFOLLOW | AT_NO_AUTOMOUNT, STATX_BTIME, &st);
         ^~~
...updated 1 target...
...found 8 targets...
...updating 7 targets...
gcc.compile.c++ bin.v2/libs/config/checks/gcc-7/debug/threading-multi/visibility-hidden/cxx11_auto_declarations.o
...updated 7 targets...
...found 1 target...
...updating 1 target...
gcc.compile.c++ bin.v2/libs/config/checks/gcc-7/debug/threading-multi/visibility-hidden/cxx11_constexpr.o
...updated 1 target...
...found 1 target...
...updating 1 target...
gcc.compile.c++ bin.v2/libs/config/checks/gcc-7/debug/threading-multi/visibility-hidden/cxx11_defaulted_functions.o
...updated 1 target...
...found 1 target...
...updating 1 target...
gcc.compile.c++ bin.v2/libs/config/checks/gcc-7/debug/threading-multi/visibility-hidden/cxx11_final.o
...updated 1 target...
...found 1 target...
...updating 1 target...
gcc.compile.c++ bin.v2/libs/config/checks/gcc-7/debug/threading-multi/visibility-hidden/cxx11_hdr_mutex.o
...updated 1 target...
...found 1 target...
...updating 1 target...
gcc.compile.c++ bin.v2/libs/config/checks/gcc-7/debug/threading-multi/visibility-hidden/cxx11_hdr_tuple.o
...updated 1 target...
...found 1 target...
...updating 1 target...
gcc.compile.c++ bin.v2/libs/config/checks/gcc-7/debug/threading-multi/visibility-hidden/cxx11_lambdas.o
...updated 1 target...
...found 1 target...
...updating 1 target...
gcc.compile.c++ bin.v2/libs/config/checks/gcc-7/debug/threading-multi/visibility-hidden/cxx11_noexcept.o
...updated 1 target...
...found 1 target...
...updating 1 target...
gcc.compile.c++ bin.v2/libs/config/checks/gcc-7/debug/threading-multi/visibility-hidden/cxx11_nullptr.o
...updated 1 target...
...found 1 target...
...updating 1 target...
gcc.compile.c++ bin.v2/libs/config/checks/gcc-7/debug/threading-multi/visibility-hidden/cxx11_rvalue_references.o
...updated 1 target...
...found 1 target...
...updating 1 target...
gcc.compile.c++ bin.v2/libs/config/checks/gcc-7/debug/threading-multi/visibility-hidden/cxx11_template_aliases.o
...updated 1 target...
...found 1 target...
...updating 1 target...
gcc.compile.c++ bin.v2/libs/config/checks/gcc-7/debug/threading-multi/visibility-hidden/cxx11_thread_local.o
...updated 1 target...
...found 1 target...
...updating 1 target...
gcc.compile.c++ bin.v2/libs/config/checks/gcc-7/debug/threading-multi/visibility-hidden/cxx11_variadic_templates.o
...updated 1 target...
...found 274 targets...
...updating 8 targets...
gcc.compile.c++ bin.v2/libs/regex/build/gcc-7/debug/threading-multi/visibility-hidden/has_icu_test.o
gcc.link bin.v2/libs/regex/build/gcc-7/debug/threading-multi/visibility-hidden/has_icu
...updated 8 targets...
...found 11 targets...
...updating 9 targets...
gcc.compile.c++ bin.v2/standalone/ac/gcc-7/release/link-static/threading-multi/visibility-hidden/zlib_h.o
...updated 9 targets...
...found 8 targets...
...updating 6 targets...
gcc.compile.c++ bin.v2/standalone/ac/gcc-7/release/link-static/threading-multi/visibility-hidden/main-z.o
gcc.link bin.v2/standalone/ac/gcc-7/release/link-static/runtime-link-static/threading-multi/visibility-hidden/z
...updated 6 targets...
...found 4 targets...
...updating 2 targets...
gcc.compile.c++ bin.v2/standalone/ac/gcc-7/release/link-static/threading-multi/visibility-hidden/bzlib_h.o
bin.v2/standalone/ac/bzlib_h.cpp:1:10: fatal error: bzlib.h: 没有那个文件或目录
 #include <bzlib.h>
          ^~~~~~~~~
compilation terminated.

    "g++"   -fvisibility-inlines-hidden -m64 -pthread -O3 -finline-functions -Wno-inline -Wall -fvisibility=hidden  -DNDEBUG    -c -o "bin.v2/standalone/ac/gcc-7/release/link-static/threading-multi/visibility-hidden/bzlib_h.o" "bin.v2/standalone/ac/bzlib_h.cpp"

...failed gcc.compile.c++ bin.v2/standalone/ac/gcc-7/release/link-static/threading-multi/visibility-hidden/bzlib_h.o...
...failed updating 1 target...
...updated 1 target...
...found 5 targets...
...updating 3 targets...
gcc.compile.c++ bin.v2/standalone/ac/gcc-7/release/link-static/threading-multi/visibility-hidden/main-bz2.o
gcc.link bin.v2/standalone/ac/gcc-7/release/link-static/runtime-link-static/threading-multi/visibility-hidden/bz2
/usr/bin/ld: 找不到 -lbz2
collect2: error: ld returned 1 exit status

    "g++"    -o "bin.v2/standalone/ac/gcc-7/release/link-static/runtime-link-static/threading-multi/visibility-hidden/bz2" -Wl,--start-group "bin.v2/standalone/ac/gcc-7/release/link-static/threading-multi/visibility-hidden/main-bz2.o"   -lbz2  -lrt -Wl,--end-group -m64 -pthread -fvisibility=hidden -fvisibility-inlines-hidden -static 

...failed gcc.link bin.v2/standalone/ac/gcc-7/release/link-static/runtime-link-static/threading-multi/visibility-hidden/bz2...
...failed updating 1 target...
...updated 2 targets...
...found 4 targets...
...updating 2 targets...
gcc.compile.c++ bin.v2/standalone/ac/gcc-7/release/link-static/threading-multi/visibility-hidden/lzma_h.o
bin.v2/standalone/ac/lzma_h.cpp:1:10: fatal error: lzma.h: 没有那个文件或目录
 #include <lzma.h>
          ^~~~~~~~
compilation terminated.

    "g++"   -fvisibility-inlines-hidden -m64 -pthread -O3 -finline-functions -Wno-inline -Wall -fvisibility=hidden  -DNDEBUG    -c -o "bin.v2/standalone/ac/gcc-7/release/link-static/threading-multi/visibility-hidden/lzma_h.o" "bin.v2/standalone/ac/lzma_h.cpp"

...failed gcc.compile.c++ bin.v2/standalone/ac/gcc-7/release/link-static/threading-multi/visibility-hidden/lzma_h.o...
...failed updating 1 target...
...updated 1 target...
...found 5 targets...
...updating 3 targets...
gcc.compile.c++ bin.v2/standalone/ac/gcc-7/release/link-static/threading-multi/visibility-hidden/main-lzma.o
gcc.link bin.v2/standalone/ac/gcc-7/release/link-static/runtime-link-static/threading-multi/visibility-hidden/lzma
/usr/bin/ld: 找不到 -llzma
collect2: error: ld returned 1 exit status

    "g++"    -o "bin.v2/standalone/ac/gcc-7/release/link-static/runtime-link-static/threading-multi/visibility-hidden/lzma" -Wl,--start-group "bin.v2/standalone/ac/gcc-7/release/link-static/threading-multi/visibility-hidden/main-lzma.o"   -llzma  -lrt -Wl,--end-group -m64 -pthread -fvisibility=hidden -fvisibility-inlines-hidden -static 

...failed gcc.link bin.v2/standalone/ac/gcc-7/release/link-static/runtime-link-static/threading-multi/visibility-hidden/lzma...
...failed updating 1 target...
...updated 2 targets...
...found 5 targets...
...updating 3 targets...
gcc.compile.c++ bin.v2/standalone/ac/gcc-7/release/link-static/threading-multi/visibility-hidden/main-liblzma.o
gcc.link bin.v2/standalone/ac/gcc-7/release/link-static/runtime-link-static/threading-multi/visibility-hidden/liblzma
/usr/bin/ld: 找不到 -lliblzma
collect2: error: ld returned 1 exit status

    "g++"    -o "bin.v2/standalone/ac/gcc-7/release/link-static/runtime-link-static/threading-multi/visibility-hidden/liblzma" -Wl,--start-group "bin.v2/standalone/ac/gcc-7/release/link-static/threading-multi/visibility-hidden/main-liblzma.o"   -lliblzma  -lrt -Wl,--end-group -m64 -pthread -fvisibility=hidden -fvisibility-inlines-hidden -static 

...failed gcc.link bin.v2/standalone/ac/gcc-7/release/link-static/runtime-link-static/threading-multi/visibility-hidden/liblzma...
...failed updating 1 target...
...updated 2 targets...
...found 4 targets...
...updating 2 targets...
gcc.compile.c++ bin.v2/standalone/ac/gcc-7/release/link-static/threading-multi/visibility-hidden/zstd_h.o
bin.v2/standalone/ac/zstd_h.cpp:1:10: fatal error: zstd.h: 没有那个文件或目录
 #include <zstd.h>
          ^~~~~~~~
compilation terminated.

    "g++"   -fvisibility-inlines-hidden -m64 -pthread -O3 -finline-functions -Wno-inline -Wall -fvisibility=hidden  -DNDEBUG    -c -o "bin.v2/standalone/ac/gcc-7/release/link-static/threading-multi/visibility-hidden/zstd_h.o" "bin.v2/standalone/ac/zstd_h.cpp"

...failed gcc.compile.c++ bin.v2/standalone/ac/gcc-7/release/link-static/threading-multi/visibility-hidden/zstd_h.o...
...failed updating 1 target...
...updated 1 target...
...found 5 targets...
...updating 3 targets...
gcc.compile.c++ bin.v2/standalone/ac/gcc-7/release/link-static/threading-multi/visibility-hidden/main-zstd.o
gcc.link bin.v2/standalone/ac/gcc-7/release/link-static/runtime-link-static/threading-multi/visibility-hidden/zstd
/usr/bin/ld: 找不到 -lzstd
collect2: error: ld returned 1 exit status

    "g++"    -o "bin.v2/standalone/ac/gcc-7/release/link-static/runtime-link-static/threading-multi/visibility-hidden/zstd" -Wl,--start-group "bin.v2/standalone/ac/gcc-7/release/link-static/threading-multi/visibility-hidden/main-zstd.o"   -lzstd  -lrt -Wl,--end-group -m64 -pthread -fvisibility=hidden -fvisibility-inlines-hidden -static 

...failed gcc.link bin.v2/standalone/ac/gcc-7/release/link-static/runtime-link-static/threading-multi/visibility-hidden/zstd...
...failed updating 1 target...
...updated 2 targets...
...found 5 targets...
...updating 3 targets...
gcc.compile.c++ bin.v2/standalone/ac/gcc-7/release/link-static/threading-multi/visibility-hidden/main-zstd_static.o
gcc.link bin.v2/standalone/ac/gcc-7/release/link-static/runtime-link-static/threading-multi/visibility-hidden/zstd_static
/usr/bin/ld: 找不到 -lzstd_static
collect2: error: ld returned 1 exit status

    "g++"    -o "bin.v2/standalone/ac/gcc-7/release/link-static/runtime-link-static/threading-multi/visibility-hidden/zstd_static" -Wl,--start-group "bin.v2/standalone/ac/gcc-7/release/link-static/threading-multi/visibility-hidden/main-zstd_static.o"   -lzstd_static  -lrt -Wl,--end-group -m64 -pthread -fvisibility=hidden -fvisibility-inlines-hidden -static 

...failed gcc.link bin.v2/standalone/ac/gcc-7/release/link-static/runtime-link-static/threading-multi/visibility-hidden/zstd_static...
...failed updating 1 target...
...updated 2 targets...
...found 5 targets...
...updating 3 targets...
gcc.compile.c++ bin.v2/standalone/ac/gcc-7/release/link-static/threading-multi/visibility-hidden/main-libzstd.o
gcc.link bin.v2/standalone/ac/gcc-7/release/link-static/runtime-link-static/threading-multi/visibility-hidden/libzstd
/usr/bin/ld: 找不到 -llibzstd
collect2: error: ld returned 1 exit status

    "g++"    -o "bin.v2/standalone/ac/gcc-7/release/link-static/runtime-link-static/threading-multi/visibility-hidden/libzstd" -Wl,--start-group "bin.v2/standalone/ac/gcc-7/release/link-static/threading-multi/visibility-hidden/main-libzstd.o"   -llibzstd  -lrt -Wl,--end-group -m64 -pthread -fvisibility=hidden -fvisibility-inlines-hidden -static 

...failed gcc.link bin.v2/standalone/ac/gcc-7/release/link-static/runtime-link-static/threading-multi/visibility-hidden/libzstd...
...failed updating 1 target...
...updated 2 targets...
...found 5 targets...
...updating 3 targets...
gcc.compile.c++ bin.v2/standalone/ac/gcc-7/release/link-static/threading-multi/visibility-hidden/main-libzstd_static.o
gcc.link bin.v2/standalone/ac/gcc-7/release/link-static/runtime-link-static/threading-multi/visibility-hidden/libzstd_static
/usr/bin/ld: 找不到 -llibzstd_static
collect2: error: ld returned 1 exit status

    "g++"    -o "bin.v2/standalone/ac/gcc-7/release/link-static/runtime-link-static/threading-multi/visibility-hidden/libzstd_static" -Wl,--start-group "bin.v2/standalone/ac/gcc-7/release/link-static/threading-multi/visibility-hidden/main-libzstd_static.o"   -llibzstd_static  -lrt -Wl,--end-group -m64 -pthread -fvisibility=hidden -fvisibility-inlines-hidden -static 

...failed gcc.link bin.v2/standalone/ac/gcc-7/release/link-static/runtime-link-static/threading-multi/visibility-hidden/libzstd_static...
...failed updating 1 target...
...updated 2 targets...
...found 4 targets...
...updating 4 targets...
gcc.compile.c++ bin.v2/standalone/ac/gcc-7/debug/threading-multi/visibility-hidden/lzma_h.o
bin.v2/standalone/ac/lzma_h.cpp:1:10: fatal error: lzma.h: 没有那个文件或目录
 #include <lzma.h>
          ^~~~~~~~
compilation terminated.

    "g++"   -fvisibility-inlines-hidden -fPIC -m64 -pthread -O0 -fno-inline -Wall -g -fvisibility=hidden      -c -o "bin.v2/standalone/ac/gcc-7/debug/threading-multi/visibility-hidden/lzma_h.o" "bin.v2/standalone/ac/lzma_h.cpp"

...failed gcc.compile.c++ bin.v2/standalone/ac/gcc-7/debug/threading-multi/visibility-hidden/lzma_h.o...
...failed updating 1 target...
...updated 3 targets...
...found 2 targets...
...updating 2 targets...
gcc.compile.c++ bin.v2/standalone/ac/gcc-7/debug/threading-multi/visibility-hidden/main-lzma.o
gcc.link bin.v2/standalone/ac/gcc-7/debug/threading-multi/visibility-hidden/lzma
/usr/bin/ld: 找不到 -llzma
collect2: error: ld returned 1 exit status

    "g++"    -o "bin.v2/standalone/ac/gcc-7/debug/threading-multi/visibility-hidden/lzma" -Wl,--start-group "bin.v2/standalone/ac/gcc-7/debug/threading-multi/visibility-hidden/main-lzma.o"  -Wl,-Bstatic  -Wl,-Bdynamic -lrt -llzma -Wl,--end-group -fPIC -m64 -pthread -g -fvisibility=hidden -fvisibility-inlines-hidden 

...failed gcc.link bin.v2/standalone/ac/gcc-7/debug/threading-multi/visibility-hidden/lzma...
...failed updating 1 target...
...updated 1 target...
...found 2 targets...
...updating 2 targets...
gcc.compile.c++ bin.v2/standalone/ac/gcc-7/debug/threading-multi/visibility-hidden/main-liblzma.o
gcc.link bin.v2/standalone/ac/gcc-7/debug/threading-multi/visibility-hidden/liblzma
/usr/bin/ld: 找不到 -lliblzma
collect2: error: ld returned 1 exit status

    "g++"    -o "bin.v2/standalone/ac/gcc-7/debug/threading-multi/visibility-hidden/liblzma" -Wl,--start-group "bin.v2/standalone/ac/gcc-7/debug/threading-multi/visibility-hidden/main-liblzma.o"  -Wl,-Bstatic  -Wl,-Bdynamic -lrt -lliblzma -Wl,--end-group -fPIC -m64 -pthread -g -fvisibility=hidden -fvisibility-inlines-hidden 

...failed gcc.link bin.v2/standalone/ac/gcc-7/debug/threading-multi/visibility-hidden/liblzma...
...failed updating 1 target...
...updated 1 target...
...found 5 targets...
...updating 5 targets...
gcc.compile.c++ bin.v2/standalone/ac/gcc-7/debug/link-static/threading-multi/visibility-hidden/main-lzma.o
gcc.link bin.v2/standalone/ac/gcc-7/debug/link-static/threading-multi/visibility-hidden/lzma
/usr/bin/ld: 找不到 -llzma
collect2: error: ld returned 1 exit status

    "g++"    -o "bin.v2/standalone/ac/gcc-7/debug/link-static/threading-multi/visibility-hidden/lzma" -Wl,--start-group "bin.v2/standalone/ac/gcc-7/debug/link-static/threading-multi/visibility-hidden/main-lzma.o"  -Wl,-Bstatic -llzma -Wl,-Bdynamic -lrt -Wl,--end-group -m64 -pthread -g -fvisibility=hidden -fvisibility-inlines-hidden 

...failed gcc.link bin.v2/standalone/ac/gcc-7/debug/link-static/threading-multi/visibility-hidden/lzma...
...failed updating 1 target...
...updated 4 targets...
...found 2 targets...
...updating 2 targets...
gcc.compile.c++ bin.v2/standalone/ac/gcc-7/debug/link-static/threading-multi/visibility-hidden/main-liblzma.o
gcc.link bin.v2/standalone/ac/gcc-7/debug/link-static/threading-multi/visibility-hidden/liblzma
/usr/bin/ld: 找不到 -lliblzma
collect2: error: ld returned 1 exit status

    "g++"    -o "bin.v2/standalone/ac/gcc-7/debug/link-static/threading-multi/visibility-hidden/liblzma" -Wl,--start-group "bin.v2/standalone/ac/gcc-7/debug/link-static/threading-multi/visibility-hidden/main-liblzma.o"  -Wl,-Bstatic -lliblzma -Wl,-Bdynamic -lrt -Wl,--end-group -m64 -pthread -g -fvisibility=hidden -fvisibility-inlines-hidden 

...failed gcc.link bin.v2/standalone/ac/gcc-7/debug/link-static/threading-multi/visibility-hidden/liblzma...
...failed updating 1 target...
...updated 1 target...
...found 10 targets...
...updating 8 targets...
gcc.compile.c++ bin.v2/libs/iostreams/build/gcc-7/debug/threading-multi/visibility-hidden/has_lzma_cputhreads.o
libs/iostreams/src/../build/has_lzma_cputhreads.cpp:5:10: fatal error: lzma.h: 没有那个文件或目录
 #include <lzma.h>
          ^~~~~~~~
compilation terminated.

    "g++"   -fvisibility-inlines-hidden -fPIC -m64 -pthread -O0 -fno-inline -Wall -g -fvisibility=hidden  -DBOOST_ALL_NO_LIB=1  -I"."  -c -o "bin.v2/libs/iostreams/build/gcc-7/debug/threading-multi/visibility-hidden/has_lzma_cputhreads.o" "libs/iostreams/src/../build/has_lzma_cputhreads.cpp"

...failed gcc.compile.c++ bin.v2/libs/iostreams/build/gcc-7/debug/threading-multi/visibility-hidden/has_lzma_cputhreads.o...
...skipped <pbin.v2/libs/iostreams/build/gcc-7/debug/threading-multi/visibility-hidden>has_lzma_cputhreads for lack of <pbin.v2/libs/iostreams/build/gcc-7/debug/threading-multi/visibility-hidden>has_lzma_cputhreads.o...
...failed updating 1 target...
...skipped 1 target...
...updated 6 targets...
...found 1 target...
...updating 1 target...
gcc.compile.c++ bin.v2/libs/config/checks/gcc-7/debug/threading-multi/visibility-hidden/cxx11_alignas.o
...updated 1 target...
...found 1 target...
...updating 1 target...
gcc.compile.c++ bin.v2/libs/config/checks/gcc-7/debug/threading-multi/visibility-hidden/cxx11_decltype.o
...updated 1 target...
...found 10 targets...
...updating 8 targets...
gcc.compile.c++ bin.v2/libs/locale/build/gcc-7/debug/threading-multi/visibility-hidden/has_iconv_libc_obj.o
gcc.link bin.v2/libs/locale/build/gcc-7/debug/threading-multi/visibility-hidden/has_iconv
...updated 8 targets...
...found 8 targets...
...updating 2 targets...
gcc.compile.c++ bin.v2/libs/locale/build/gcc-7/debug/threading-multi/visibility-hidden/has_icu_obj.o
libs/locale/src/../build/has_icu_test.cpp: In function ‘int main()’:
libs/locale/src/../build/has_icu_test.cpp:26:12: warning: unused variable ‘c’ [-Wunused-variable]
    UChar32 c = ::u_charFromName(U_UNICODE_CHAR_NAME, "GREEK SMALL LETTER ALPHA", &err);
            ^
gcc.link bin.v2/libs/locale/build/gcc-7/debug/threading-multi/visibility-hidden/has_icu
...updated 2 targets...
...found 11 targets...
...updating 9 targets...
gcc.compile.c++ bin.v2/libs/log/config/atomic-int32/gcc-7/debug/pch-off/threading-multi/visibility-hidden/atomic_int32.o
...updated 9 targets...
...found 9 targets...
...updating 7 targets...
gcc.compile.c++ bin.v2/libs/log/config/native-syslog/gcc-7/debug/pch-off/threading-multi/visibility-hidden/native_syslog.o
...updated 7 targets...
...found 8 targets...
...updating 7 targets...
gcc.compile.c++ bin.v2/libs/log/config/pthread-mutex-robust/gcc-7/debug/pch-off/threading-multi/visibility-hidden/pthread_mutex_robust.o
...updated 7 targets...
...found 9 targets...
...updating 7 targets...
gcc.compile.c++ bin.v2/libs/log/config/x86-ext/gcc-7/debug/pch-off/threading-multi/visibility-hidden/ssse3.o
...updated 7 targets...
...found 3 targets...
...updating 1 target...
gcc.compile.c++ bin.v2/libs/log/config/x86-ext/gcc-7/debug/pch-off/threading-multi/visibility-hidden/avx2.o
...updated 1 target...
...found 8 targets...
...updating 7 targets...
gcc.compile.c++ bin.v2/libs/math/config/gcc-7/debug/threading-multi/visibility-hidden/has_gcc_visibility.o
...updated 7 targets...
...found 20 targets...
...updating 1 target...
gcc.compile.c++ bin.v2/libs/math/config/gcc-7/debug/threading-multi/visibility-hidden/has_long_double_support.o
...updated 1 target...
...found 1 target...
...updating 1 target...
gcc.compile.c++ bin.v2/libs/config/checks/gcc-7/debug/threading-multi/visibility-hidden/cxx11_static_assert.o
...updated 1 target...
...found 9 targets...
...updating 7 targets...
gcc.compile.c++ bin.v2/libs/nowide/config/gcc-7/debug/threading-multi/visibility-hidden/cxx11_moveable_fstreams.o
...updated 7 targets...
...found 3 targets...
...updating 2 targets...
gcc.compile.c++ bin.v2/libs/nowide/config/gcc-7/debug/threading-multi/visibility-hidden/check_lfs_support.o
gcc.link bin.v2/libs/nowide/config/gcc-7/debug/threading-multi/visibility-hidden/lfs_support
...updated 2 targets...
...found 12 targets...
...updating 9 targets...
gcc.compile.c++ bin.v2/libs/stacktrace/build/gcc-7/debug/threading-multi/visibility-hidden/has_backtrace.o
gcc.link bin.v2/libs/stacktrace/build/gcc-7/debug/threading-multi/visibility-hidden/libbacktrace_exe
Jamfile</home/k/code/turdb/boost/libs/stacktrace/build>.mp_simple_run_action bin.v2/libs/stacktrace/build/gcc-7/debug/threading-multi/visibility-hidden/libbacktrace.output
...updated 9 targets...
...found 5 targets...
...updating 3 targets...
gcc.compile.c++ bin.v2/libs/stacktrace/build/gcc-7/debug/threading-multi/visibility-hidden/has_addr2line.o
gcc.link bin.v2/libs/stacktrace/build/gcc-7/debug/threading-multi/visibility-hidden/addr2line_exe
Jamfile</home/k/code/turdb/boost/libs/stacktrace/build>.mp_simple_run_action bin.v2/libs/stacktrace/build/gcc-7/debug/threading-multi/visibility-hidden/addr2line.output
...updated 3 targets...
...found 5 targets...
...updating 3 targets...
gcc.compile.c++ bin.v2/libs/stacktrace/build/gcc-7/debug/threading-multi/visibility-hidden/has_windbg.o
libs/stacktrace/build/has_windbg.cpp:8:10: fatal error: windows.h: 没有那个文件或目录
 #include <windows.h>
          ^~~~~~~~~~~
compilation terminated.

    "g++"   -fvisibility-inlines-hidden -fPIC -m64 -pthread -O0 -fno-inline -Wall -g -fvisibility=hidden  -DBOOST_ALL_NO_LIB=1  -I"."  -c -o "bin.v2/libs/stacktrace/build/gcc-7/debug/threading-multi/visibility-hidden/has_windbg.o" "libs/stacktrace/build/has_windbg.cpp"

...failed gcc.compile.c++ bin.v2/libs/stacktrace/build/gcc-7/debug/threading-multi/visibility-hidden/has_windbg.o...
...skipped <pbin.v2/libs/stacktrace/build/gcc-7/debug/threading-multi/visibility-hidden>WinDbg_exe for lack of <pbin.v2/libs/stacktrace/build/gcc-7/debug/threading-multi/visibility-hidden>has_windbg.o...
...skipped <pbin.v2/libs/stacktrace/build/gcc-7/debug/threading-multi/visibility-hidden>WinDbg.output for lack of <pbin.v2/libs/stacktrace/build/gcc-7/debug/threading-multi/visibility-hidden>WinDbg_exe...
...failed updating 1 target...
...skipped 2 targets...
...found 4 targets...
...updating 3 targets...
gcc.compile.c++ bin.v2/libs/stacktrace/build/gcc-7/debug/threading-multi/visibility-hidden/has_windbg_cached.o
libs/stacktrace/build/has_windbg_cached.cpp:11:10: fatal error: windows.h: 没有那个文件或目录
 #include <windows.h>
          ^~~~~~~~~~~
compilation terminated.

    "g++"   -fvisibility-inlines-hidden -fPIC -m64 -pthread -O0 -fno-inline -Wall -g -fvisibility=hidden  -DBOOST_ALL_NO_LIB=1  -I"."  -c -o "bin.v2/libs/stacktrace/build/gcc-7/debug/threading-multi/visibility-hidden/has_windbg_cached.o" "libs/stacktrace/build/has_windbg_cached.cpp"

...failed gcc.compile.c++ bin.v2/libs/stacktrace/build/gcc-7/debug/threading-multi/visibility-hidden/has_windbg_cached.o...
...skipped <pbin.v2/libs/stacktrace/build/gcc-7/debug/threading-multi/visibility-hidden>WinDbgCached_exe for lack of <pbin.v2/libs/stacktrace/build/gcc-7/debug/threading-multi/visibility-hidden>has_windbg_cached.o...
...skipped <pbin.v2/libs/stacktrace/build/gcc-7/debug/threading-multi/visibility-hidden>WinDbgCached.output for lack of <pbin.v2/libs/stacktrace/build/gcc-7/debug/threading-multi/visibility-hidden>WinDbgCached_exe...
...failed updating 1 target...
...skipped 2 targets...
...found 165 targets...
...updating 7 targets...
gcc.compile.c++ bin.v2/check/predef/gcc-7/debug/address-model-64/architecture-x86/predef_check_cc_09a06289f4560e2f553bb0cbbec71436.o
...updated 7 targets...
...found 1 target...
...updating 1 target...
config-cache.write bin.v2/project-cache.jam
...updated 1 target...
